<!DOCTYPE html PUBLIC "-//W3C//DTD XHTML 1.1//EN" "http://www.w3.org/TR/xhtml11/DTD/xhtml11.dtd">
<html xmlns="http://www.w3.org/1999/xhtml">
<head>
<meta http-equiv="content-type" content="text/html; charset=UTF-8"/>
<title>TestNG Report</title>
<style type="text/css">table {margin-bottom:10px;border-collapse:collapse;empty-cells:show}th,td {border:1px solid #009;padding:.25em .5em}th {vertical-align:bottom}td {vertical-align:top}table a {font-weight:bold}.stripe td {background-color: #E6EBF9}.num {text-align:right}.passedodd td {background-color: #3F3}.passedeven td {background-color: #0A0}.skippedodd td {background-color: #DDD}.skippedeven td {background-color: #CCC}.failedodd td,.attn {background-color: #F33}.failedeven td,.stripe .attn {background-color: #D00}.stacktrace {white-space:pre;font-family:monospace}.totop {font-size:85%;text-align:center;border-bottom:2px solid #000}.invisible {display:none}</style>
</head>
<body>
<table>
<tr><th>Test</th><th># Passed</th><th># Skipped</th><th># Failed</th><th>Time (ms)</th><th>Included Groups</th><th>Excluded Groups</th></tr>
<tr><th colspan="7">TestNG session Test automation Suite1</th></tr>
<tr><td><a href="#t0">Different testNG features test</a></td><td class="num">13</td><td class="num">0</td><td class="num attn">4</td><td class="num">96,738</td><td></td><td></td></tr>
</table>
<table id='summary'><thead><tr><th>Class</th><th>Method</th><th>Start</th><th>Time (ms)</th></tr></thead><tbody><tr><th colspan="4">TestNG session Test automation Suite1</th></tr></tbody><tbody id="t0"><tr><th colspan="4">Different testNG features test &#8212; failed</th></tr><tr class="failedeven"><td rowspan="1">com.com.org.ExceptionTimeOutTest</td><td><a href="#m0">infiniteLoop</a></td><td rowspan="1">1543386160100</td><td rowspan="1">321</td></tr><tr class="failedodd"><td rowspan="1">com.com.org.GoogleLinkTest</td><td><a href="#m1">loginPage</a></td><td rowspan="1">1543386221644</td><td rowspan="1">5654</td></tr><tr class="failedeven"><td rowspan="1">com.com.org.studio</td><td><a href="#m2">login</a></td><td rowspan="1">1543386239710</td><td rowspan="1">32</td></tr><tr class="failedodd"><td rowspan="1">com.com.org.tedt</td><td><a href="#m3">login</a></td><td rowspan="1">1543386244617</td><td rowspan="1">20</td></tr><tr><th colspan="4">Different testNG features test &#8212; passed</th></tr><tr class="passedeven"><td rowspan="10">com.com.org.InvocationcountTest</td><td><a href="#m4">sum</a></td><td rowspan="10">1543386239700</td><td rowspan="10">0</td></tr><tr class="passedeven"><td><a href="#m5">sum</a></td></tr><tr class="passedeven"><td><a href="#m6">sum</a></td></tr><tr class="passedeven"><td><a href="#m7">sum</a></td></tr><tr class="passedeven"><td><a href="#m8">sum</a></td></tr><tr class="passedeven"><td><a href="#m9">sum</a></td></tr><tr class="passedeven"><td><a href="#m10">sum</a></td></tr><tr class="passedeven"><td><a href="#m11">sum</a></td></tr><tr class="passedeven"><td><a href="#m12">sum</a></td></tr><tr class="passedeven"><td><a href="#m13">sum</a></td></tr><tr class="passedodd"><td rowspan="1">com.com.org.TestNgfeatures</td><td><a href="#m14">login</a></td><td rowspan="1">1543386244578</td><td rowspan="1">18</td></tr><tr class="passedeven"><td rowspan="2">com.com.org.TestngBasics</td><td><a href="#m15">Searchtext</a></td><td rowspan="1">1543386239772</td><td rowspan="1">30</td></tr><tr class="passedeven"><td><a href="#m16">googleLogoTest</a></td><td rowspan="1">1543386244527</td><td rowspan="1">30</td></tr></tbody>
</table>
<h2>Different testNG features test</h2><h3 id="m0">com.com.org.ExceptionTimeOutTest#infiniteLoop</h3><table class="result"><tr><th>Exception</th></tr><tr><td><div class="stacktrace">org.testng.internal.thread.ThreadTimeoutException: Method com.com.org.ExceptionTimeOutTest.infiniteLoop() didn&apos;t finish within the time-out 2
	at java.nio.CharBuffer.wrap(CharBuffer.java:373)
	at sun.nio.cs.StreamEncoder.implWrite(StreamEncoder.java:265)
	at sun.nio.cs.StreamEncoder.write(StreamEncoder.java:125)
	at java.io.OutputStreamWriter.write(OutputStreamWriter.java:207)
	at java.io.BufferedWriter.flushBuffer(BufferedWriter.java:129)
	at java.io.PrintStream.write(PrintStream.java:526)
	at java.io.PrintStream.print(PrintStream.java:597)
	at java.io.PrintStream.println(PrintStream.java:736)
	at com.com.org.ExceptionTimeOutTest.infiniteLoop(ExceptionTimeOutTest.java:14)
	at java.util.concurrent.Executors$RunnableAdapter.call(Executors.java:511)
	at java.util.concurrent.FutureTask.run(FutureTask.java:266)
	at java.util.concurrent.ThreadPoolExecutor.runWorker(ThreadPoolExecutor.java:1149)
	at java.util.concurrent.ThreadPoolExecutor$Worker.run(ThreadPoolExecutor.java:624)
	at java.lang.Thread.run(Thread.java:748)
... Removed 7 stack frames</div></td></tr></table><p class="totop"><a href="#summary">back to summary</a></p>
<h3 id="m1">com.com.org.GoogleLinkTest#loginPage</h3><table class="result"><tr><th>Exception</th></tr><tr><td><div class="stacktrace">java.lang.AssertionError: expected [https://www.facebook.com] but found [https://www.facebook.com/]
	at com.com.org.GoogleLinkTest.loginPage(GoogleLinkTest.java:42)
... Removed 31 stack frames</div></td></tr></table><p class="totop"><a href="#summary">back to summary</a></p>
<h3 id="m2">com.com.org.studio#login</h3><table class="result"><tr><th>Exception</th></tr><tr><td><div class="stacktrace">java.lang.NullPointerException
	at com.com.org.studio.login(studio.java:41)
... Removed 25 stack frames</div></td></tr></table><p class="totop"><a href="#summary">back to summary</a></p>
<h3 id="m3">com.com.org.tedt#login</h3><table class="result"><tr><th>Exception</th></tr><tr><td><div class="stacktrace">java.lang.IllegalStateException: The driver executable does not exist: C:\Users\krishna.yadav\Desktop\Newfolder\new\chromedriver.exe
	at com.google.common.base.Preconditions.checkState(Preconditions.java:585)
	at org.openqa.selenium.remote.service.DriverService.checkExecutable(DriverService.java:136)
	at org.openqa.selenium.remote.service.DriverService.findExecutable(DriverService.java:131)
	at org.openqa.selenium.chrome.ChromeDriverService.access$000(ChromeDriverService.java:33)
	at org.openqa.selenium.chrome.ChromeDriverService$Builder.findDefaultExecutable(ChromeDriverService.java:139)
	at org.openqa.selenium.remote.service.DriverService$Builder.build(DriverService.java:335)
	at org.openqa.selenium.chrome.ChromeDriverService.createDefaultService(ChromeDriverService.java:89)
	at org.openqa.selenium.chrome.ChromeDriver.&lt;init&gt;(ChromeDriver.java:123)
	at com.com.org.tedt.login(tedt.java:42)
... Removed 25 stack frames</div></td></tr></table><p class="totop"><a href="#summary">back to summary</a></p>
<h3 id="m4">com.com.org.InvocationcountTest#sum</h3><table class="result"><tr><th class="invisible"/></tr></table><p class="totop"><a href="#summary">back to summary</a></p>
<h3 id="m5">com.com.org.InvocationcountTest#sum</h3><table class="result"><tr><th class="invisible"/></tr></table><p class="totop"><a href="#summary">back to summary</a></p>
<h3 id="m6">com.com.org.InvocationcountTest#sum</h3><table class="result"><tr><th class="invisible"/></tr></table><p class="totop"><a href="#summary">back to summary</a></p>
<h3 id="m7">com.com.org.InvocationcountTest#sum</h3><table class="result"><tr><th class="invisible"/></tr></table><p class="totop"><a href="#summary">back to summary</a></p>
<h3 id="m8">com.com.org.InvocationcountTest#sum</h3><table class="result"><tr><th class="invisible"/></tr></table><p class="totop"><a href="#summary">back to summary</a></p>
<h3 id="m9">com.com.org.InvocationcountTest#sum</h3><table class="result"><tr><th class="invisible"/></tr></table><p class="totop"><a href="#summary">back to summary</a></p>
<h3 id="m10">com.com.org.InvocationcountTest#sum</h3><table class="result"><tr><th class="invisible"/></tr></table><p class="totop"><a href="#summary">back to summary</a></p>
<h3 id="m11">com.com.org.InvocationcountTest#sum</h3><table class="result"><tr><th class="invisible"/></tr></table><p class="totop"><a href="#summary">back to summary</a></p>
<h3 id="m12">com.com.org.InvocationcountTest#sum</h3><table class="result"><tr><th class="invisible"/></tr></table><p class="totop"><a href="#summary">back to summary</a></p>
<h3 id="m13">com.com.org.InvocationcountTest#sum</h3><table class="result"><tr><th class="invisible"/></tr></table><p class="totop"><a href="#summary">back to summary</a></p>
<h3 id="m14">com.com.org.TestNgfeatures#login</h3><table class="result"><tr><th class="invisible"/></tr></table><p class="totop"><a href="#summary">back to summary</a></p>
<h3 id="m15">com.com.org.TestngBasics#Searchtext</h3><table class="result"><tr><th class="invisible"/></tr></table><p class="totop"><a href="#summary">back to summary</a></p>
<h3 id="m16">com.com.org.TestngBasics#googleLogoTest</h3><table class="result"><tr><th class="invisible"/></tr></table><p class="totop"><a href="#summary">back to summary</a></p>
</body>
</html>
