<?xml version="1.0" encoding="UTF-8"?>
<testng-results skipped="0" failed="4" ignored="0" total="17" passed="13">
  <reporter-output>
  </reporter-output>
  <suite name="TestNG session Test automation Suite1" duration-ms="96738" started-at="2018-11-28T06:22:27Z" finished-at="2018-11-28T06:24:04Z">
    <groups>
      <group name="mail">
        <method signature="TestngBasics2.EmailId()[pri:1, instance:com.com.org.TestngBasics2@631330c]" name="EmailId" class="com.com.org.TestngBasics2"/>
        <method signature="TestngBasics2.passwrd()[pri:2, instance:com.com.org.TestngBasics2@631330c]" name="passwrd" class="com.com.org.TestngBasics2"/>
      </group> <!-- mail -->
      <group name="login">
        <method signature="TestngBasics2.login()[pri:3, instance:com.com.org.TestngBasics2@631330c]" name="login" class="com.com.org.TestngBasics2"/>
      </group> <!-- login -->
    </groups>
    <test name="Different testNG features test" duration-ms="96738" started-at="2018-11-28T06:22:27Z" finished-at="2018-11-28T06:24:04Z">
      <class name="com.com.org.studio">
        <test-method status="FAIL" signature="login()[pri:0, instance:com.com.org.studio@1a1d6a08]" name="login" duration-ms="32" started-at="2018-11-28T06:23:59Z" finished-at="2018-11-28T06:23:59Z">
          <exception class="java.lang.NullPointerException">
            <full-stacktrace>
              <![CDATA[java.lang.NullPointerException
at com.com.org.studio.login(studio.java:41)
at sun.reflect.NativeMethodAccessorImpl.invoke0(Native Method)
at sun.reflect.NativeMethodAccessorImpl.invoke(NativeMethodAccessorImpl.java:62)
at sun.reflect.DelegatingMethodAccessorImpl.invoke(DelegatingMethodAccessorImpl.java:43)
at java.lang.reflect.Method.invoke(Method.java:498)
at org.testng.internal.MethodInvocationHelper.invokeMethod(MethodInvocationHelper.java:124)
at org.testng.internal.Invoker.invokeMethod(Invoker.java:580)
at org.testng.internal.Invoker.invokeTestMethod(Invoker.java:716)
at org.testng.internal.Invoker.invokeTestMethods(Invoker.java:988)
at org.testng.internal.TestMethodWorker.invokeTestMethods(TestMethodWorker.java:125)
at org.testng.internal.TestMethodWorker.run(TestMethodWorker.java:109)
at org.testng.TestRunner.privateRun(TestRunner.java:648)
at org.testng.TestRunner.run(TestRunner.java:505)
at org.testng.SuiteRunner.runTest(SuiteRunner.java:455)
at org.testng.SuiteRunner.runSequentially(SuiteRunner.java:450)
at org.testng.SuiteRunner.privateRun(SuiteRunner.java:415)
at org.testng.SuiteRunner.run(SuiteRunner.java:364)
at org.testng.SuiteRunnerWorker.runSuite(SuiteRunnerWorker.java:52)
at org.testng.SuiteRunnerWorker.run(SuiteRunnerWorker.java:84)
at org.testng.TestNG.runSuitesSequentially(TestNG.java:1208)
at org.testng.TestNG.runSuitesLocally(TestNG.java:1137)
at org.testng.TestNG.runSuites(TestNG.java:1049)
at org.testng.TestNG.run(TestNG.java:1017)
at org.testng.remote.AbstractRemoteTestNG.run(AbstractRemoteTestNG.java:114)
at org.testng.remote.RemoteTestNG.initAndRun(RemoteTestNG.java:251)
at org.testng.remote.RemoteTestNG.main(RemoteTestNG.java:77)
]]>
            </full-stacktrace>
          </exception> <!-- java.lang.NullPointerException -->
          <reporter-output>
          </reporter-output>
        </test-method> <!-- login -->
      </class> <!-- com.com.org.studio -->
      <class name="com.com.org.InvocationcountTest">
        <test-method status="PASS" signature="sum()[pri:0, instance:com.com.org.InvocationcountTest@c46bcd4]" name="sum" duration-ms="11054" started-at="2018-11-28T06:23:47Z" finished-at="2018-11-28T06:23:58Z">
          <reporter-output>
          </reporter-output>
        </test-method> <!-- sum -->
        <test-method status="PASS" signature="sum()[pri:0, instance:com.com.org.InvocationcountTest@c46bcd4]" name="sum" duration-ms="1170" started-at="2018-11-28T06:23:58Z" finished-at="2018-11-28T06:23:59Z">
          <reporter-output>
          </reporter-output>
        </test-method> <!-- sum -->
        <test-method status="PASS" signature="sum()[pri:0, instance:com.com.org.InvocationcountTest@c46bcd4]" name="sum" duration-ms="78" started-at="2018-11-28T06:23:59Z" finished-at="2018-11-28T06:23:59Z">
          <reporter-output>
          </reporter-output>
        </test-method> <!-- sum -->
        <test-method status="PASS" signature="sum()[pri:0, instance:com.com.org.InvocationcountTest@c46bcd4]" name="sum" duration-ms="20" started-at="2018-11-28T06:23:59Z" finished-at="2018-11-28T06:23:59Z">
          <reporter-output>
          </reporter-output>
        </test-method> <!-- sum -->
        <test-method status="PASS" signature="sum()[pri:0, instance:com.com.org.InvocationcountTest@c46bcd4]" name="sum" duration-ms="40" started-at="2018-11-28T06:23:59Z" finished-at="2018-11-28T06:23:59Z">
          <reporter-output>
          </reporter-output>
        </test-method> <!-- sum -->
        <test-method status="PASS" signature="sum()[pri:0, instance:com.com.org.InvocationcountTest@c46bcd4]" name="sum" duration-ms="20" started-at="2018-11-28T06:23:59Z" finished-at="2018-11-28T06:23:59Z">
          <reporter-output>
          </reporter-output>
        </test-method> <!-- sum -->
        <test-method status="PASS" signature="sum()[pri:0, instance:com.com.org.InvocationcountTest@c46bcd4]" name="sum" duration-ms="0" started-at="2018-11-28T06:23:59Z" finished-at="2018-11-28T06:23:59Z">
          <reporter-output>
          </reporter-output>
        </test-method> <!-- sum -->
        <test-method status="PASS" signature="sum()[pri:0, instance:com.com.org.InvocationcountTest@c46bcd4]" name="sum" duration-ms="10" started-at="2018-11-28T06:23:59Z" finished-at="2018-11-28T06:23:59Z">
          <reporter-output>
          </reporter-output>
        </test-method> <!-- sum -->
        <test-method status="PASS" signature="sum()[pri:0, instance:com.com.org.InvocationcountTest@c46bcd4]" name="sum" duration-ms="0" started-at="2018-11-28T06:23:59Z" finished-at="2018-11-28T06:23:59Z">
          <reporter-output>
          </reporter-output>
        </test-method> <!-- sum -->
        <test-method status="PASS" signature="sum()[pri:0, instance:com.com.org.InvocationcountTest@c46bcd4]" name="sum" duration-ms="0" started-at="2018-11-28T06:23:59Z" finished-at="2018-11-28T06:23:59Z">
          <reporter-output>
          </reporter-output>
        </test-method> <!-- sum -->
      </class> <!-- com.com.org.InvocationcountTest -->
      <class name="com.com.org.TestNgfeatures">
        <test-method status="PASS" signature="login()[pri:0, instance:com.com.org.TestNgfeatures@436e852b]" name="login" duration-ms="18" started-at="2018-11-28T06:24:04Z" finished-at="2018-11-28T06:24:04Z">
          <reporter-output>
          </reporter-output>
        </test-method> <!-- login -->
      </class> <!-- com.com.org.TestNgfeatures -->
      <class name="com.com.org.TestngBasics">
        <test-method status="PASS" signature="enterurl()[pri:0, instance:com.com.org.TestngBasics@2353b3e6]" name="enterurl" is-config="true" duration-ms="7" started-at="2018-11-28T06:23:59Z" finished-at="2018-11-28T06:23:59Z">
          <reporter-output>
          </reporter-output>
        </test-method> <!-- enterurl -->
        <test-method status="PASS" signature="login()[pri:0, instance:com.com.org.TestngBasics@2353b3e6]" name="login" is-config="true" duration-ms="20" started-at="2018-11-28T06:23:59Z" finished-at="2018-11-28T06:23:59Z">
          <reporter-output>
          </reporter-output>
        </test-method> <!-- login -->
        <test-method status="PASS" signature="Searchtext()[pri:0, instance:com.com.org.TestngBasics@2353b3e6]" name="Searchtext" duration-ms="30" started-at="2018-11-28T06:23:59Z" finished-at="2018-11-28T06:23:59Z">
          <reporter-output>
          </reporter-output>
        </test-method> <!-- Searchtext -->
        <test-method status="PASS" signature="logout()[pri:0, instance:com.com.org.TestngBasics@2353b3e6]" name="logout" is-config="true" duration-ms="80" started-at="2018-11-28T06:23:59Z" finished-at="2018-11-28T06:23:59Z">
          <reporter-output>
          </reporter-output>
        </test-method> <!-- logout -->
        <test-method status="PASS" signature="login()[pri:0, instance:com.com.org.TestngBasics@2353b3e6]" name="login" is-config="true" duration-ms="4645" started-at="2018-11-28T06:23:59Z" finished-at="2018-11-28T06:24:04Z">
          <reporter-output>
          </reporter-output>
        </test-method> <!-- login -->
        <test-method status="PASS" signature="googleLogoTest()[pri:0, instance:com.com.org.TestngBasics@2353b3e6]" name="googleLogoTest" duration-ms="30" started-at="2018-11-28T06:24:04Z" finished-at="2018-11-28T06:24:04Z">
          <reporter-output>
          </reporter-output>
        </test-method> <!-- googleLogoTest -->
        <test-method status="PASS" signature="logout()[pri:0, instance:com.com.org.TestngBasics@2353b3e6]" name="logout" is-config="true" duration-ms="10" started-at="2018-11-28T06:24:04Z" finished-at="2018-11-28T06:24:04Z">
          <reporter-output>
          </reporter-output>
        </test-method> <!-- logout -->
        <test-method status="PASS" signature="closebrowser()[pri:0, instance:com.com.org.TestngBasics@2353b3e6]" name="closebrowser" is-config="true" duration-ms="11" started-at="2018-11-28T06:24:04Z" finished-at="2018-11-28T06:24:04Z">
          <reporter-output>
          </reporter-output>
        </test-method> <!-- closebrowser -->
        <test-method status="PASS" signature="deleteAllcookies()[pri:0, instance:com.com.org.TestngBasics@2353b3e6]" name="deleteAllcookies" is-config="true" duration-ms="48" started-at="2018-11-28T06:24:04Z" finished-at="2018-11-28T06:24:04Z">
          <reporter-output>
          </reporter-output>
        </test-method> <!-- deleteAllcookies -->
      </class> <!-- com.com.org.TestngBasics -->
      <class name="com.com.org.ExceptionTimeOutTest">
        <test-method status="FAIL" signature="infiniteLoop()[pri:0, instance:com.com.org.ExceptionTimeOutTest@42f93a98]" name="infiniteLoop" duration-ms="321" started-at="2018-11-28T06:22:40Z" finished-at="2018-11-28T06:22:40Z">
          <exception class="org.testng.internal.thread.ThreadTimeoutException">
            <message>
              <![CDATA[Method com.com.org.ExceptionTimeOutTest.infiniteLoop() didn't finish within the time-out 2]]>
            </message>
            <full-stacktrace>
              <![CDATA[org.testng.internal.thread.ThreadTimeoutException: Method com.com.org.ExceptionTimeOutTest.infiniteLoop() didn't finish within the time-out 2
at java.nio.CharBuffer.wrap(CharBuffer.java:373)
at sun.nio.cs.StreamEncoder.implWrite(StreamEncoder.java:265)
at sun.nio.cs.StreamEncoder.write(StreamEncoder.java:125)
at java.io.OutputStreamWriter.write(OutputStreamWriter.java:207)
at java.io.BufferedWriter.flushBuffer(BufferedWriter.java:129)
at java.io.PrintStream.write(PrintStream.java:526)
at java.io.PrintStream.print(PrintStream.java:597)
at java.io.PrintStream.println(PrintStream.java:736)
at com.com.org.ExceptionTimeOutTest.infiniteLoop(ExceptionTimeOutTest.java:14)
at sun.reflect.NativeMethodAccessorImpl.invoke0(Native Method)
at sun.reflect.NativeMethodAccessorImpl.invoke(NativeMethodAccessorImpl.java:62)
at sun.reflect.DelegatingMethodAccessorImpl.invoke(DelegatingMethodAccessorImpl.java:43)
at java.lang.reflect.Method.invoke(Method.java:498)
at org.testng.internal.MethodInvocationHelper.invokeMethod(MethodInvocationHelper.java:124)
at org.testng.internal.InvokeMethodRunnable.runOne(InvokeMethodRunnable.java:54)
at org.testng.internal.InvokeMethodRunnable.run(InvokeMethodRunnable.java:44)
at java.util.concurrent.Executors$RunnableAdapter.call(Executors.java:511)
at java.util.concurrent.FutureTask.run(FutureTask.java:266)
at java.util.concurrent.ThreadPoolExecutor.runWorker(ThreadPoolExecutor.java:1149)
at java.util.concurrent.ThreadPoolExecutor$Worker.run(ThreadPoolExecutor.java:624)
at java.lang.Thread.run(Thread.java:748)
]]>
            </full-stacktrace>
          </exception> <!-- org.testng.internal.thread.ThreadTimeoutException -->
          <reporter-output>
          </reporter-output>
        </test-method> <!-- infiniteLoop -->
      </class> <!-- com.com.org.ExceptionTimeOutTest -->
      <class name="com.com.org.tedt">
        <test-method status="FAIL" signature="login()[pri:0, instance:com.com.org.tedt@37d31475]" name="login" duration-ms="20" started-at="2018-11-28T06:24:04Z" finished-at="2018-11-28T06:24:04Z">
          <exception class="java.lang.IllegalStateException">
            <message>
              <![CDATA[The driver executable does not exist: C:\Users\krishna.yadav\Desktop\Newfolder\new\chromedriver.exe]]>
            </message>
            <full-stacktrace>
              <![CDATA[java.lang.IllegalStateException: The driver executable does not exist: C:\Users\krishna.yadav\Desktop\Newfolder\new\chromedriver.exe
at com.google.common.base.Preconditions.checkState(Preconditions.java:585)
at org.openqa.selenium.remote.service.DriverService.checkExecutable(DriverService.java:136)
at org.openqa.selenium.remote.service.DriverService.findExecutable(DriverService.java:131)
at org.openqa.selenium.chrome.ChromeDriverService.access$000(ChromeDriverService.java:33)
at org.openqa.selenium.chrome.ChromeDriverService$Builder.findDefaultExecutable(ChromeDriverService.java:139)
at org.openqa.selenium.remote.service.DriverService$Builder.build(DriverService.java:335)
at org.openqa.selenium.chrome.ChromeDriverService.createDefaultService(ChromeDriverService.java:89)
at org.openqa.selenium.chrome.ChromeDriver.<init>(ChromeDriver.java:123)
at com.com.org.tedt.login(tedt.java:42)
at sun.reflect.NativeMethodAccessorImpl.invoke0(Native Method)
at sun.reflect.NativeMethodAccessorImpl.invoke(NativeMethodAccessorImpl.java:62)
at sun.reflect.DelegatingMethodAccessorImpl.invoke(DelegatingMethodAccessorImpl.java:43)
at java.lang.reflect.Method.invoke(Method.java:498)
at org.testng.internal.MethodInvocationHelper.invokeMethod(MethodInvocationHelper.java:124)
at org.testng.internal.Invoker.invokeMethod(Invoker.java:580)
at org.testng.internal.Invoker.invokeTestMethod(Invoker.java:716)
at org.testng.internal.Invoker.invokeTestMethods(Invoker.java:988)
at org.testng.internal.TestMethodWorker.invokeTestMethods(TestMethodWorker.java:125)
at org.testng.internal.TestMethodWorker.run(TestMethodWorker.java:109)
at org.testng.TestRunner.privateRun(TestRunner.java:648)
at org.testng.TestRunner.run(TestRunner.java:505)
at org.testng.SuiteRunner.runTest(SuiteRunner.java:455)
at org.testng.SuiteRunner.runSequentially(SuiteRunner.java:450)
at org.testng.SuiteRunner.privateRun(SuiteRunner.java:415)
at org.testng.SuiteRunner.run(SuiteRunner.java:364)
at org.testng.SuiteRunnerWorker.runSuite(SuiteRunnerWorker.java:52)
at org.testng.SuiteRunnerWorker.run(SuiteRunnerWorker.java:84)
at org.testng.TestNG.runSuitesSequentially(TestNG.java:1208)
at org.testng.TestNG.runSuitesLocally(TestNG.java:1137)
at org.testng.TestNG.runSuites(TestNG.java:1049)
at org.testng.TestNG.run(TestNG.java:1017)
at org.testng.remote.AbstractRemoteTestNG.run(AbstractRemoteTestNG.java:114)
at org.testng.remote.RemoteTestNG.initAndRun(RemoteTestNG.java:251)
at org.testng.remote.RemoteTestNG.main(RemoteTestNG.java:77)
]]>
            </full-stacktrace>
          </exception> <!-- java.lang.IllegalStateException -->
          <reporter-output>
          </reporter-output>
        </test-method> <!-- login -->
      </class> <!-- com.com.org.tedt -->
      <class name="com.com.org.GoogleLinkTest">
        <test-method status="PASS" signature="setup()[pri:0, instance:com.com.org.GoogleLinkTest@1a8a8f7c]" name="setup" is-config="true" duration-ms="40" started-at="2018-11-28T06:22:27Z" finished-at="2018-11-28T06:22:27Z">
          <reporter-output>
          </reporter-output>
        </test-method> <!-- setup -->
        <test-method status="PASS" signature="setup()[pri:0, instance:com.com.org.TestngBasics2@631330c]" name="setup" is-config="true" duration-ms="0" started-at="2018-11-28T06:22:27Z" finished-at="2018-11-28T06:22:27Z">
          <reporter-output>
          </reporter-output>
        </test-method> <!-- setup -->
        <test-method status="PASS" signature="setup()[pri:0, instance:com.com.org.TestngBasics@2353b3e6]" name="setup" is-config="true" duration-ms="0" started-at="2018-11-28T06:22:27Z" finished-at="2018-11-28T06:22:27Z">
          <reporter-output>
          </reporter-output>
        </test-method> <!-- setup -->
        <test-method status="PASS" signature="lounchbrowser()[pri:0, instance:com.com.org.GoogleLinkTest@1a8a8f7c]" name="lounchbrowser" is-config="true" duration-ms="8151" started-at="2018-11-28T06:22:27Z" finished-at="2018-11-28T06:22:36Z">
          <reporter-output>
          </reporter-output>
        </test-method> <!-- lounchbrowser -->
        <test-method status="PASS" signature="lounchbrowser()[pri:0, instance:com.com.org.TestngBasics@2353b3e6]" name="lounchbrowser" is-config="true" duration-ms="3" started-at="2018-11-28T06:22:36Z" finished-at="2018-11-28T06:22:36Z">
          <reporter-output>
          </reporter-output>
        </test-method> <!-- lounchbrowser -->
        <test-method status="PASS" signature="lounchbrowser()[pri:0, instance:com.com.org.TestngBasics2@631330c]" name="lounchbrowser" is-config="true" duration-ms="3774" started-at="2018-11-28T06:22:36Z" finished-at="2018-11-28T06:22:39Z">
          <reporter-output>
          </reporter-output>
        </test-method> <!-- lounchbrowser -->
        <test-method status="PASS" signature="Urlget()[pri:0, instance:com.com.org.GoogleLinkTest@1a8a8f7c]" name="Urlget" is-config="true" duration-ms="61121" started-at="2018-11-28T06:22:40Z" finished-at="2018-11-28T06:23:41Z">
          <reporter-output>
          </reporter-output>
        </test-method> <!-- Urlget -->
        <test-method status="FAIL" signature="loginPage()[pri:0, instance:com.com.org.GoogleLinkTest@1a8a8f7c]" name="loginPage" duration-ms="5654" started-at="2018-11-28T06:23:41Z" finished-at="2018-11-28T06:23:47Z">
          <exception class="java.lang.AssertionError">
            <message>
              <![CDATA[expected [https://www.facebook.com] but found [https://www.facebook.com/]]]>
            </message>
            <full-stacktrace>
              <![CDATA[java.lang.AssertionError: expected [https://www.facebook.com] but found [https://www.facebook.com/]
at org.testng.Assert.fail(Assert.java:96)
at org.testng.Assert.failNotEquals(Assert.java:776)
at org.testng.Assert.assertEqualsImpl(Assert.java:137)
at org.testng.Assert.assertEquals(Assert.java:118)
at org.testng.Assert.assertEquals(Assert.java:453)
at org.testng.Assert.assertEquals(Assert.java:463)
at com.com.org.GoogleLinkTest.loginPage(GoogleLinkTest.java:42)
at sun.reflect.NativeMethodAccessorImpl.invoke0(Native Method)
at sun.reflect.NativeMethodAccessorImpl.invoke(NativeMethodAccessorImpl.java:62)
at sun.reflect.DelegatingMethodAccessorImpl.invoke(DelegatingMethodAccessorImpl.java:43)
at java.lang.reflect.Method.invoke(Method.java:498)
at org.testng.internal.MethodInvocationHelper.invokeMethod(MethodInvocationHelper.java:124)
at org.testng.internal.Invoker.invokeMethod(Invoker.java:580)
at org.testng.internal.Invoker.invokeTestMethod(Invoker.java:716)
at org.testng.internal.Invoker.invokeTestMethods(Invoker.java:988)
at org.testng.internal.TestMethodWorker.invokeTestMethods(TestMethodWorker.java:125)
at org.testng.internal.TestMethodWorker.run(TestMethodWorker.java:109)
at org.testng.TestRunner.privateRun(TestRunner.java:648)
at org.testng.TestRunner.run(TestRunner.java:505)
at org.testng.SuiteRunner.runTest(SuiteRunner.java:455)
at org.testng.SuiteRunner.runSequentially(SuiteRunner.java:450)
at org.testng.SuiteRunner.privateRun(SuiteRunner.java:415)
at org.testng.SuiteRunner.run(SuiteRunner.java:364)
at org.testng.SuiteRunnerWorker.runSuite(SuiteRunnerWorker.java:52)
at org.testng.SuiteRunnerWorker.run(SuiteRunnerWorker.java:84)
at org.testng.TestNG.runSuitesSequentially(TestNG.java:1208)
at org.testng.TestNG.runSuitesLocally(TestNG.java:1137)
at org.testng.TestNG.runSuites(TestNG.java:1049)
at org.testng.TestNG.run(TestNG.java:1017)
at org.testng.remote.AbstractRemoteTestNG.run(AbstractRemoteTestNG.java:114)
at org.testng.remote.RemoteTestNG.initAndRun(RemoteTestNG.java:251)
at org.testng.remote.RemoteTestNG.main(RemoteTestNG.java:77)
]]>
            </full-stacktrace>
          </exception> <!-- java.lang.AssertionError -->
          <reporter-output>
          </reporter-output>
        </test-method> <!-- loginPage -->
      </class> <!-- com.com.org.GoogleLinkTest -->
    </test> <!-- Different testNG features test -->
  </suite> <!-- TestNG session Test automation Suite1 -->
</testng-results>
