<?xml version="1.0" encoding="UTF-8"?>
<!-- Generated by org.testng.reporters.JUnitXMLReporter -->
<testsuite hostname="WBLL0117E4292" ignored="0" name="Different testNG features test" tests="17" failures="4" timestamp="28 Nov 2018 06:24:04 GMT" time="96.738" errors="0">
  <testcase name="infiniteLoop" time="0.321" classname="com.com.org.ExceptionTimeOutTest">
    <failure type="org.testng.internal.thread.ThreadTimeoutException" message="Method com.com.org.ExceptionTimeOutTest.infiniteLoop() didn&amp;apos;t finish within the time-out 2">
      <![CDATA[org.testng.internal.thread.ThreadTimeoutException: Method com.com.org.ExceptionTimeOutTest.infiniteLoop() didn't finish within the time-out 2
at java.nio.CharBuffer.wrap(CharBuffer.java:373)
at sun.nio.cs.StreamEncoder.implWrite(StreamEncoder.java:265)
at sun.nio.cs.StreamEncoder.write(StreamEncoder.java:125)
at java.io.OutputStreamWriter.write(OutputStreamWriter.java:207)
at java.io.BufferedWriter.flushBuffer(BufferedWriter.java:129)
at java.io.PrintStream.write(PrintStream.java:526)
at java.io.PrintStream.print(PrintStream.java:597)
at java.io.PrintStream.println(PrintStream.java:736)
at com.com.org.ExceptionTimeOutTest.infiniteLoop(ExceptionTimeOutTest.java:14)
at java.util.concurrent.Executors$RunnableAdapter.call(Executors.java:511)
at java.util.concurrent.FutureTask.run(FutureTask.java:266)
at java.util.concurrent.ThreadPoolExecutor.runWorker(ThreadPoolExecutor.java:1149)
at java.util.concurrent.ThreadPoolExecutor$Worker.run(ThreadPoolExecutor.java:624)
at java.lang.Thread.run(Thread.java:748)
... Removed 7 stack frames]]>
    </failure>
  </testcase> <!-- infiniteLoop -->
  <testcase name="loginPage" time="5.654" classname="com.com.org.GoogleLinkTest">
    <failure type="java.lang.AssertionError" message="expected [https://www.facebook.com] but found [https://www.facebook.com/]">
      <![CDATA[java.lang.AssertionError: expected [https://www.facebook.com] but found [https://www.facebook.com/]
at com.com.org.GoogleLinkTest.loginPage(GoogleLinkTest.java:42)
... Removed 31 stack frames]]>
    </failure>
  </testcase> <!-- loginPage -->
  <testcase name="sum" time="11.054" classname="com.com.org.InvocationcountTest"/>
  <testcase name="sum" time="1.17" classname="com.com.org.InvocationcountTest"/>
  <testcase name="sum" time="0.078" classname="com.com.org.InvocationcountTest"/>
  <testcase name="sum" time="0.02" classname="com.com.org.InvocationcountTest"/>
  <testcase name="sum" time="0.04" classname="com.com.org.InvocationcountTest"/>
  <testcase name="sum" time="0.02" classname="com.com.org.InvocationcountTest"/>
  <testcase name="sum" time="0.0" classname="com.com.org.InvocationcountTest"/>
  <testcase name="sum" time="0.0" classname="com.com.org.InvocationcountTest"/>
  <testcase name="sum" time="0.01" classname="com.com.org.InvocationcountTest"/>
  <testcase name="sum" time="0.0" classname="com.com.org.InvocationcountTest"/>
  <testcase name="login" time="0.032" classname="com.com.org.studio">
    <failure type="java.lang.NullPointerException">
      <![CDATA[java.lang.NullPointerException
at com.com.org.studio.login(studio.java:41)
... Removed 25 stack frames]]>
    </failure>
  </testcase> <!-- login -->
  <testcase name="Searchtext" time="0.03" classname="com.com.org.TestngBasics"/>
  <testcase name="googleLogoTest" time="0.03" classname="com.com.org.TestngBasics"/>
  <testcase name="login" time="0.018" classname="com.com.org.TestNgfeatures"/>
  <testcase name="login" time="0.02" classname="com.com.org.tedt">
    <failure type="java.lang.IllegalStateException" message="The driver executable does not exist: C:\Users\krishna.yadav\Desktop\Newfolder\new\chromedriver.exe">
      <![CDATA[java.lang.IllegalStateException: The driver executable does not exist: C:\Users\krishna.yadav\Desktop\Newfolder\new\chromedriver.exe
at com.google.common.base.Preconditions.checkState(Preconditions.java:585)
at org.openqa.selenium.remote.service.DriverService.checkExecutable(DriverService.java:136)
at org.openqa.selenium.remote.service.DriverService.findExecutable(DriverService.java:131)
at org.openqa.selenium.chrome.ChromeDriverService.access$000(ChromeDriverService.java:33)
at org.openqa.selenium.chrome.ChromeDriverService$Builder.findDefaultExecutable(ChromeDriverService.java:139)
at org.openqa.selenium.remote.service.DriverService$Builder.build(DriverService.java:335)
at org.openqa.selenium.chrome.ChromeDriverService.createDefaultService(ChromeDriverService.java:89)
at org.openqa.selenium.chrome.ChromeDriver.<init>(ChromeDriver.java:123)
at com.com.org.tedt.login(tedt.java:42)
... Removed 25 stack frames]]>
    </failure>
  </testcase> <!-- login -->
</testsuite> <!-- Different testNG features test -->
